<?xml version="1.0" encoding="UTF-8"?>
<!-- Generated by org.testng.reporters.JUnitReportReporter -->
<testsuite hostname="Aryans-MacBook-Pro.local" failures="0" tests="1" name="testCases.TC009_E2ECheckout" time="11.323" errors="0" timestamp="2025-06-21T01:26:00 IST" skipped="0">
  <testcase classname="testCases.TC009_E2ECheckout" name="verify_e2eCheckout" time="11.323"/>
</testsuite> <!-- testCases.TC009_E2ECheckout -->
