<?xml version="1.0" encoding="UTF-8"?>
<!-- Generated by org.testng.reporters.JUnitReportReporter -->
<testsuite hostname="Aryans-MacBook-Pro.local" failures="0" tests="1" name="testCases.TC006_ProductComparison" time="4.645" errors="0" timestamp="2025-05-11T19:37:29 IST" skipped="0">
  <testcase classname="testCases.TC006_ProductComparison" name="verify_productComparison" time="4.645"/>
</testsuite> <!-- testCases.TC006_ProductComparison -->
