<?xml version="1.0" encoding="UTF-8"?>
<!-- Generated by org.testng.reporters.JUnitReportReporter -->
<testsuite hostname="Aryans-MacBook-Pro.local" failures="0" tests="1" name="testCases.TC003_SearchTest" time="9.744" errors="0" timestamp="2025-05-02T21:18:09 IST" skipped="0">
  <testcase classname="testCases.TC003_SearchTest" name="verify_search" time="9.744"/>
</testsuite> <!-- testCases.TC003_SearchTest -->
