<?xml version="1.0" encoding="UTF-8"?>
<!-- Generated by org.testng.reporters.JUnitReportReporter -->
<testsuite hostname="Aryans-MacBook-Pro.local" failures="0" tests="1" name="testCases.TC005_AddToWishlist" time="25.988" errors="0" timestamp="2025-05-10T14:31:47 IST" skipped="0">
  <testcase classname="testCases.TC005_AddToWishlist" name="verify_addToWishlist" time="25.988"/>
</testsuite> <!-- testCases.TC005_AddToWishlist -->
