<?xml version="1.0" encoding="UTF-8"?>
<!-- Generated by org.testng.reporters.JUnitReportReporter -->
<testsuite hostname="Aryans-MacBook-Pro.local" failures="0" tests="1" name="testCases.Practise" time="11.270" errors="0" timestamp="2025-05-17T17:33:23 IST" skipped="0">
  <testcase classname="testCases.Practise" name="verify_practise" time="11.270"/>
</testsuite> <!-- testCases.Practise -->
