<?xml version="1.0" encoding="UTF-8"?>
<!-- Generated by org.testng.reporters.JUnitReportReporter -->
<testsuite hostname="Aryans-MacBook-Pro.local" failures="0" tests="1" name="testCases.TC007_EditAccountInfo" time="7.913" errors="0" timestamp="2025-05-16T23:38:24 IST" skipped="0">
  <testcase classname="testCases.TC007_EditAccountInfo" name="verify_editAccountInfo" time="7.913"/>
</testsuite> <!-- testCases.TC007_EditAccountInfo -->
