<?xml version="1.0" encoding="UTF-8"?>
<!-- Generated by org.testng.reporters.JUnitReportReporter -->
<testsuite hostname="Aryans-MacBook-Pro.local" failures="0" tests="1" name="testCases.TC004_AddToCartTest" time="7.912" errors="0" timestamp="2025-05-07T22:58:09 IST" skipped="0">
  <testcase classname="testCases.TC004_AddToCartTest" name="verify_addToCart" time="7.912"/>
</testsuite> <!-- testCases.TC004_AddToCartTest -->
