<?xml version="1.0" encoding="UTF-8"?>
<!-- Generated by org.testng.reporters.JUnitReportReporter -->
<testsuite hostname="Aryans-MacBook-Pro.local" failures="0" tests="1" name="testCases.TC002_LoginTest" time="1.234" errors="0" timestamp="2025-05-02T21:18:09 IST" skipped="0">
  <testcase classname="testCases.TC002_LoginTest" name="verify_login" time="1.234"/>
</testsuite> <!-- testCases.TC002_LoginTest -->
