<?xml version="1.0" encoding="UTF-8"?>
<!-- Generated by org.testng.reporters.JUnitReportReporter -->
<testsuite hostname="Aryans-MacBook-Pro.local" failures="0" tests="1" name="testCases.TC003_SearchTest" time="9.887" errors="0" timestamp="2025-05-03T16:35:01 IST" skipped="0">
  <testcase classname="testCases.TC003_SearchTest" name="verify_search" time="9.887"/>
</testsuite> <!-- testCases.TC003_SearchTest -->
