<?xml version="1.0" encoding="UTF-8"?>
<!-- Generated by org.testng.reporters.JUnitReportReporter -->
<testsuite hostname="Aryans-MacBook-Pro.local" failures="0" tests="1" name="testCases.TC002_LoginTest" time="1.562" errors="0" timestamp="2025-05-03T16:35:01 IST" skipped="0">
  <testcase classname="testCases.TC002_LoginTest" name="verify_login" time="1.562"/>
</testsuite> <!-- testCases.TC002_LoginTest -->
